<?xml version="1.0" encoding="UTF-8"?>
<testng-results skipped="0" failed="0" ignored="0" total="1" passed="1">
  <reporter-output>
  </reporter-output>
  <suite name="Default suite" duration-ms="91396" started-at="2022-08-29T12:26:45Z" finished-at="2022-08-29T12:28:16Z">
    <groups>
    </groups>
    <test name="Default test" duration-ms="91396" started-at="2022-08-29T12:26:45Z" finished-at="2022-08-29T12:28:16Z">
      <class name="testScenarios.SharepointLogin">
        <test-method status="PASS" signature="startTest()[pri:0, instance:testScenarios.SharepointLogin@59ec2012]" name="startTest" is-config="true" duration-ms="251" started-at="2022-08-29T17:56:44Z" finished-at="2022-08-29T17:56:45Z">
          <reporter-output>
          </reporter-output>
        </test-method> <!-- startTest -->
        <test-method status="PASS" signature="setup()[pri:0, instance:testScenarios.SharepointLogin@59ec2012]" name="setup" is-config="true" duration-ms="46345" started-at="2022-08-29T17:56:45Z" finished-at="2022-08-29T17:57:31Z">
          <reporter-output>
          </reporter-output>
        </test-method> <!-- setup -->
        <test-method status="PASS" signature="setUp()[pri:0, instance:testScenarios.SharepointLogin@59ec2012]" name="setUp" is-config="true" duration-ms="3" started-at="2022-08-29T17:57:31Z" finished-at="2022-08-29T17:57:31Z">
          <reporter-output>
          </reporter-output>
        </test-method> <!-- setUp -->
        <test-method status="PASS" signature="Login()[pri:0, instance:testScenarios.SharepointLogin@59ec2012]" name="Login" duration-ms="44861" started-at="2022-08-29T17:57:31Z" finished-at="2022-08-29T17:58:16Z">
          <reporter-output>
          </reporter-output>
        </test-method> <!-- Login -->
        <test-method status="PASS" signature="tearDown()[pri:0, instance:testScenarios.SharepointLogin@59ec2012]" name="tearDown" is-config="true" duration-ms="0" started-at="2022-08-29T17:58:16Z" finished-at="2022-08-29T17:58:16Z">
          <reporter-output>
          </reporter-output>
        </test-method> <!-- tearDown -->
        <test-method status="PASS" signature="endTest()[pri:0, instance:testScenarios.SharepointLogin@59ec2012]" name="endTest" is-config="true" duration-ms="4468" started-at="2022-08-29T17:58:17Z" finished-at="2022-08-29T17:58:21Z">
          <reporter-output>
          </reporter-output>
        </test-method> <!-- endTest -->
      </class> <!-- testScenarios.SharepointLogin -->
    </test> <!-- Default test -->
  </suite> <!-- Default suite -->
</testng-results>
